#
# A fatal error has been detected by the Java Runtime Environment:
#
#  EXCEPTION_ACCESS_VIOLATION (0xc0000005) at pc=0x00000000597f6280, pid=10848, tid=0x0000000000002188
#
# JRE version: Java(TM) SE Runtime Environment (8.0_131-b11) (build 1.8.0_131-b11)
# Java VM: Java HotSpot(TM) 64-Bit Server VM (25.131-b11 mixed mode windows-amd64 compressed oops)
# Problematic frame:
# V  [jvm.dll+0x466280]
#
# Failed to write core dump. Minidumps are not enabled by default on client versions of Windows
#
# If you would like to submit a bug report, please visit:
#   http://bugreport.java.com/bugreport/crash.jsp
#

---------------  T H R E A D  ---------------

Current thread (0x0000000014e79000):  JavaThread "C2 CompilerThread0" daemon [_thread_in_native, id=8584, stack(0x0000000015ee0000,0x0000000015fe0000)]

siginfo: ExceptionCode=0xc0000005, reading address 0x0000000000000028

Registers:
RAX=0x00000000171e1770, RBX=0x0000000000000002, RCX=0x0000000000000000, RDX=0x0000000000000000
RSP=0x0000000015fdbfb0, RBP=0xffffffffffffffff, RSI=0x0000000016549c70, RDI=0x00000000164458e0
R8 =0x00000000ffffffff, R9 =0x0000000000000000, R10=0x000000000000005c, R11=0x0000000000000041
R12=0x0000000015fdc3c0, R13=0x0000000014e90298, R14=0x0000000000000008, R15=0x0000000000000001
RIP=0x00000000597f6280, EFLAGS=0x0000000000010202

Top of Stack: (sp=0x0000000015fdbfb0)
0x0000000015fdbfb0:   00000000163708e0 000000001659b660
0x0000000015fdbfc0:   00000000000003e7 ffffffffffffffff
0x0000000015fdbfd0:   0000000200000031 00000000164458e0
0x0000000015fdbfe0:   0000000000000030 0000000000000031
0x0000000015fdbff0:   0000000000000000 0000000000000000
0x0000000015fdc000:   0000000015fdc0d0 00000000000003d8
0x0000000015fdc010:   00000000166d02b8 00000000166cfee0
0x0000000015fdc020:   0000000015fdc150 0000000000000000
0x0000000015fdc030:   0000000015fdc3c0 00000000166cfed0
0x0000000015fdc040:   0000000015fdc4d0 00000000597f8f54
0x0000000015fdc050:   0000000015fdc3c0 0000000015fdc100
0x0000000015fdc060:   00000000ffffffff 0000000000000006
0x0000000015fdc070:   0000000000000002 00000000166cfed0
0x0000000015fdc080:   000000001636d3e0 0000000016370fe0
0x0000000015fdc090:   00000000163753c8 0000000000010388
0x0000000015fdc0a0:   0000000000000002 0000000014ee4ee0 

Instructions: (pc=0x00000000597f6280)
0x00000000597f6260:   0f 83 0c 02 00 00 49 c1 e6 03 66 0f 1f 44 00 00
0x00000000597f6270:   48 8b 46 08 49 8b 0c 06 49 8b 84 24 28 01 00 00
0x00000000597f6280:   48 63 51 28 8b 1c 90 85 db 0f 84 c0 01 00 00 45
0x00000000597f6290:   84 c9 74 11 45 3b c7 75 0c 48 8b 06 48 8b ce ff 


Register to memory mapping:

RAX=0x00000000171e1770 is an unknown value
RBX=0x0000000000000002 is an unknown value
RCX=0x0000000000000000 is an unknown value
RDX=0x0000000000000000 is an unknown value
RSP=0x0000000015fdbfb0 is pointing into the stack for thread: 0x0000000014e79000
RBP=0xffffffffffffffff is an unknown value
RSI=0x0000000016549c70 is an unknown value
RDI=0x00000000164458e0 is an unknown value
R8 =0x00000000ffffffff is an unallocated location in the heap
R9 =0x0000000000000000 is an unknown value
R10=0x000000000000005c is an unknown value
R11=0x0000000000000041 is an unknown value
R12=0x0000000015fdc3c0 is pointing into the stack for thread: 0x0000000014e79000
R13=0x0000000014e90298 is an unknown value
R14=0x0000000000000008 is an unknown value
R15=0x0000000000000001 is an unknown value


Stack: [0x0000000015ee0000,0x0000000015fe0000],  sp=0x0000000015fdbfb0,  free space=1007k
Native frames: (J=compiled Java code, j=interpreted, Vv=VM code, C=native code)
V  [jvm.dll+0x466280]
V  [jvm.dll+0x468f54]
V  [jvm.dll+0x47465b]
V  [jvm.dll+0x476f67]
V  [jvm.dll+0x4599f2]
V  [jvm.dll+0xa5de2]
V  [jvm.dll+0xa671f]
V  [jvm.dll+0x24537f]
V  [jvm.dll+0x29cc1a]
C  [msvcr100.dll+0x21d9f]
C  [msvcr100.dll+0x21e3b]
C  [KERNEL32.DLL+0x12774]
C  [ntdll.dll+0x70d61]


Current CompileTask:
C2:  10788  920       4       view.Ahorcado::txtAdivinarKeyTyped (210 bytes)


---------------  P R O C E S S  ---------------

Java Threads: ( => current thread )
  0x000000001736e000 JavaThread "Java Sound Event Dispatcher" daemon [_thread_blocked, id=8732, stack(0x0000000019420000,0x0000000019520000)]
  0x0000000017260000 JavaThread "Thread-2" [_thread_blocked, id=4804, stack(0x0000000019060000,0x0000000019160000)]
  0x0000000016396000 JavaThread "TimerQueue" daemon [_thread_blocked, id=9116, stack(0x0000000018f60000,0x0000000019060000)]
  0x00000000029e0800 JavaThread "DestroyJavaVM" [_thread_blocked, id=3404, stack(0x00000000028e0000,0x00000000029e0000)]
  0x00000000166a7000 JavaThread "AWT-EventQueue-0" [_thread_in_Java, id=10796, stack(0x0000000017820000,0x0000000017920000)]
  0x0000000016694800 JavaThread "AWT-Windows" daemon [_thread_in_native, id=11596, stack(0x0000000016a30000,0x0000000016b30000)]
  0x0000000016693800 JavaThread "AWT-Shutdown" [_thread_blocked, id=9260, stack(0x0000000016930000,0x0000000016a30000)]
  0x0000000016691800 JavaThread "Java2D Disposer" daemon [_thread_blocked, id=3460, stack(0x0000000016830000,0x0000000016930000)]
  0x0000000014ee4800 JavaThread "Service Thread" daemon [_thread_blocked, id=12948, stack(0x00000000160e0000,0x00000000161e0000)]
  0x0000000014e7c000 JavaThread "C1 CompilerThread1" daemon [_thread_blocked, id=96, stack(0x0000000015fe0000,0x00000000160e0000)]
=>0x0000000014e79000 JavaThread "C2 CompilerThread0" daemon [_thread_in_native, id=8584, stack(0x0000000015ee0000,0x0000000015fe0000)]
  0x0000000014e77800 JavaThread "Attach Listener" daemon [_thread_blocked, id=12520, stack(0x0000000015de0000,0x0000000015ee0000)]
  0x0000000014e74800 JavaThread "Signal Dispatcher" daemon [_thread_blocked, id=12740, stack(0x0000000015ce0000,0x0000000015de0000)]
  0x0000000002ad6800 JavaThread "Finalizer" daemon [_thread_blocked, id=13244, stack(0x0000000015ad0000,0x0000000015bd0000)]
  0x0000000002acc800 JavaThread "Reference Handler" daemon [_thread_blocked, id=11656, stack(0x00000000159d0000,0x0000000015ad0000)]

Other Threads:
  0x0000000014e45000 VMThread [stack: 0x00000000158d0000,0x00000000159d0000] [id=3192]
  0x0000000014ef9800 WatcherThread [stack: 0x00000000161e0000,0x00000000162e0000] [id=1028]

VM state:not at safepoint (normal execution)

VM Mutex/Monitor currently owned by a thread: None

Heap:
 PSYoungGen      total 18944K, used 13553K [0x00000000eb380000, 0x00000000ec880000, 0x0000000100000000)
  eden space 16384K, 82% used [0x00000000eb380000,0x00000000ec0bc6b8,0x00000000ec380000)
  from space 2560K, 0% used [0x00000000ec600000,0x00000000ec600000,0x00000000ec880000)
  to   space 2560K, 0% used [0x00000000ec380000,0x00000000ec380000,0x00000000ec600000)
 ParOldGen       total 44032K, used 0K [0x00000000c1a00000, 0x00000000c4500000, 0x00000000eb380000)
  object space 44032K, 0% used [0x00000000c1a00000,0x00000000c1a00000,0x00000000c4500000)
 Metaspace       used 13493K, capacity 13674K, committed 13952K, reserved 1060864K
  class space    used 1731K, capacity 1803K, committed 1920K, reserved 1048576K

Card table byte_map: [0x0000000011ea0000,0x00000000120a0000] byte_map_base: 0x0000000011893000

Marking Bits: (ParMarkBitMap*) 0x0000000059bac720
 Begin Bits: [0x00000000123f0000, 0x0000000013388000)
 End Bits:   [0x0000000013388000, 0x0000000014320000)

Polling page: 0x0000000000fc0000

CodeCache: size=245760Kb used=3190Kb max_used=3201Kb free=242569Kb
 bounds [0x0000000002ae0000, 0x0000000002e10000, 0x0000000011ae0000]
 total_blobs=1432 nmethods=919 adapters=427
 compilation: enabled

Compilation events (10 events):
Event: 10.102 Thread 0x0000000014e7c000 nmethod 915 0x0000000002df6590 code [0x0000000002df6700, 0x0000000002df6a90]
Event: 10.103 Thread 0x0000000014e7c000  916       1       java.awt.Component::getComponentOrientation (5 bytes)
Event: 10.103 Thread 0x0000000014e7c000 nmethod 916 0x0000000002df6bd0 code [0x0000000002df6d20, 0x0000000002df6e30]
Event: 10.105 Thread 0x0000000014e7c000  917   !   3       sun.java2d.pipe.DrawImage::renderImageScale (158 bytes)
Event: 10.107 Thread 0x0000000014e7c000 nmethod 917 0x0000000002df6e90 code [0x0000000002df70c0, 0x0000000002df8248]
Event: 10.263 Thread 0x0000000014e7c000  918 %     3       view.Ahorcado::txtAdivinarKeyTyped @ 72 (210 bytes)
Event: 10.275 Thread 0x0000000014e7c000 nmethod 918% 0x0000000002df8b10 code [0x0000000002df9040, 0x0000000002dfc738]
Event: 10.275 Thread 0x0000000014e79000  919 %     4       view.Ahorcado::txtAdivinarKeyTyped @ 72 (210 bytes)
Event: 10.278 Thread 0x0000000014e79000 nmethod 919% 0x0000000002e01790 code [0x0000000002e018e0, 0x0000000002e019b8]
Event: 10.278 Thread 0x0000000014e79000  920       4       view.Ahorcado::txtAdivinarKeyTyped (210 bytes)

GC Heap History (0 events):
No events

Deoptimization events (3 events):
Event: 1.264 Thread 0x0000000017276800 Uncommon trap: reason=unstable_if action=reinterpret pc=0x0000000002ceeb70 method=java.lang.String.<init>([CII)V @ 18
Event: 1.329 Thread 0x0000000016694800 Uncommon trap: reason=unstable_if action=reinterpret pc=0x0000000002cfe6b8 method=java.util.HashMap.putVal(ILjava/lang/Object;Ljava/lang/Object;ZZ)Ljava/lang/Object; @ 206
Event: 7.525 Thread 0x00000000166a7000 Uncommon trap: reason=class_check action=maybe_recompile pc=0x0000000002c5f65c method=java.lang.String.equals(Ljava/lang/Object;)Z @ 8

Internal exceptions (10 events):
Event: 0.871 Thread 0x00000000029e0800 Exception <a 'java/lang/ClassNotFoundException': ToolBar> (0x00000000eb6e0368) thrown at [C:\re\workspace\8-2-build-windows-amd64-cygwin\jdk8u131\8869\hotspot\src\share\vm\classfile\systemDictionary.cpp, line 210]
Event: 0.871 Thread 0x00000000029e0800 Exception <a 'java/lang/ClassNotFoundException': ToggleButton> (0x00000000eb6e0918) thrown at [C:\re\workspace\8-2-build-windows-amd64-cygwin\jdk8u131\8869\hotspot\src\share\vm\classfile\systemDictionary.cpp, line 210]
Event: 0.872 Thread 0x00000000029e0800 Exception <a 'java/lang/ClassNotFoundException': javax/swing/JToolBarSeparator> (0x00000000eb6e0d78) thrown at [C:\re\workspace\8-2-build-windows-amd64-cygwin\jdk8u131\8869\hotspot\src\share\vm\classfile\systemDictionary.cpp, line 210]
Event: 0.872 Thread 0x00000000029e0800 Exception <a 'java/lang/ClassNotFoundException': ToolBarSeparator> (0x00000000eb6e1210) thrown at [C:\re\workspace\8-2-build-windows-amd64-cygwin\jdk8u131\8869\hotspot\src\share\vm\classfile\systemDictionary.cpp, line 210]
Event: 0.872 Thread 0x00000000029e0800 Exception <a 'java/lang/ClassNotFoundException': ToolTip> (0x00000000eb6e1950) thrown at [C:\re\workspace\8-2-build-windows-amd64-cygwin\jdk8u131\8869\hotspot\src\share\vm\classfile\systemDictionary.cpp, line 210]
Event: 0.876 Thread 0x00000000029e0800 Exception <a 'java/lang/ClassNotFoundException': Tree> (0x00000000eb6e2570) thrown at [C:\re\workspace\8-2-build-windows-amd64-cygwin\jdk8u131\8869\hotspot\src\share\vm\classfile\systemDictionary.cpp, line 210]
Event: 0.876 Thread 0x00000000029e0800 Exception <a 'java/lang/ClassNotFoundException': Tree> (0x00000000eb6e2cb0) thrown at [C:\re\workspace\8-2-build-windows-amd64-cygwin\jdk8u131\8869\hotspot\src\share\vm\classfile\systemDictionary.cpp, line 210]
Event: 0.876 Thread 0x00000000029e0800 Exception <a 'java/lang/ClassNotFoundException': javax/swing/JTreeCell> (0x00000000eb6e3030) thrown at [C:\re\workspace\8-2-build-windows-amd64-cygwin\jdk8u131\8869\hotspot\src\share\vm\classfile\systemDictionary.cpp, line 210]
Event: 0.877 Thread 0x00000000029e0800 Exception <a 'java/lang/ClassNotFoundException': TreeCell> (0x00000000eb6e34b8) thrown at [C:\re\workspace\8-2-build-windows-amd64-cygwin\jdk8u131\8869\hotspot\src\share\vm\classfile\systemDictionary.cpp, line 210]
Event: 0.879 Thread 0x00000000029e0800 Exception <a 'java/lang/ClassNotFoundException': RootPane> (0x00000000eb6e3f18) thrown at [C:\re\workspace\8-2-build-windows-amd64-cygwin\jdk8u131\8869\hotspot\src\share\vm\classfile\systemDictionary.cpp, line 210]

Events (10 events):
Event: 10.184 loading class javax/swing/KeyboardManager
Event: 10.190 loading class javax/swing/KeyboardManager done
Event: 10.191 loading class javax/swing/Popup$HeavyWeightWindow
Event: 10.191 loading class sun/awt/ModalExclude
Event: 10.191 loading class sun/awt/ModalExclude done
Event: 10.191 loading class javax/swing/JWindow
Event: 10.191 loading class javax/swing/JWindow done
Event: 10.191 loading class javax/swing/Popup$HeavyWeightWindow done
Event: 10.278 Thread 0x00000000166a7000 DEOPT PACKING pc=0x0000000002dfc127 sp=0x000000001791c840
Event: 10.278 Thread 0x00000000166a7000 DEOPT UNPACKING pc=0x0000000002b2747f sp=0x000000001791c708 mode 0


Dynamic libraries:
0x00007ff7f8bb0000 - 0x00007ff7f8be7000 	C:\Program Files\Java\jdk1.8.0_131\bin\java.exe
0x00007ffe201d0000 - 0x00007ffe203ab000 	C:\Windows\SYSTEM32\ntdll.dll
0x00007ffdfba90000 - 0x00007ffdfbac3000 	C:\Program Files\AVAST Software\Avast\x64\aswhooka.dll
0x00007ffe1d790000 - 0x00007ffe1d83e000 	C:\Windows\System32\KERNEL32.DLL
0x00007ffe1cfb0000 - 0x00007ffe1d1f9000 	C:\Windows\System32\KERNELBASE.dll
0x00007ffe1f6b0000 - 0x00007ffe1f751000 	C:\Windows\System32\ADVAPI32.dll
0x00007ffe1ef80000 - 0x00007ffe1f01d000 	C:\Windows\System32\msvcrt.dll
0x00007ffe1f650000 - 0x00007ffe1f6a9000 	C:\Windows\System32\sechost.dll
0x00007ffe1f520000 - 0x00007ffe1f645000 	C:\Windows\System32\RPCRT4.dll
0x00007ffe1fa20000 - 0x00007ffe1fb6a000 	C:\Windows\System32\USER32.dll
0x00007ffe1d490000 - 0x00007ffe1d4ae000 	C:\Windows\System32\win32u.dll
0x00007ffe1f760000 - 0x00007ffe1f787000 	C:\Windows\System32\GDI32.dll
0x00007ffe1d200000 - 0x00007ffe1d389000 	C:\Windows\System32\gdi32full.dll
0x00007ffe1cf10000 - 0x00007ffe1cfaa000 	C:\Windows\System32\msvcp_win.dll
0x00007ffe1d390000 - 0x00007ffe1d486000 	C:\Windows\System32\ucrtbase.dll
0x00007ffe0f670000 - 0x00007ffe0f8d7000 	C:\Windows\WinSxS\amd64_microsoft.windows.common-controls_6595b64144ccf1df_6.0.15063.0_none_108e4f62dfe5d999\COMCTL32.dll
0x00007ffe1d840000 - 0x00007ffe1db39000 	C:\Windows\System32\combase.dll
0x00007ffe1c6f0000 - 0x00007ffe1c75a000 	C:\Windows\System32\bcryptPrimitives.dll
0x00007ffe1f210000 - 0x00007ffe1f23d000 	C:\Windows\System32\IMM32.DLL
0x00000000592b0000 - 0x0000000059382000 	C:\Program Files\Java\jdk1.8.0_131\jre\bin\msvcr100.dll
0x0000000059390000 - 0x0000000059c2c000 	C:\Program Files\Java\jdk1.8.0_131\jre\bin\server\jvm.dll
0x00007ffe1f790000 - 0x00007ffe1f798000 	C:\Windows\System32\PSAPI.DLL
0x00007ffe11310000 - 0x00007ffe11319000 	C:\Windows\SYSTEM32\WSOCK32.dll
0x00007ffe1f240000 - 0x00007ffe1f2ac000 	C:\Windows\System32\WS2_32.dll
0x00007ffe1aba0000 - 0x00007ffe1abc3000 	C:\Windows\SYSTEM32\WINMM.dll
0x00007ffe11150000 - 0x00007ffe1115a000 	C:\Windows\SYSTEM32\VERSION.dll
0x00007ffe1ab70000 - 0x00007ffe1ab9b000 	C:\Windows\SYSTEM32\WINMMBASE.dll
0x00007ffe1d4b0000 - 0x00007ffe1d4f9000 	C:\Windows\System32\cfgmgr32.dll
0x0000000059260000 - 0x000000005926f000 	C:\Program Files\Java\jdk1.8.0_131\jre\bin\verify.dll
0x0000000059230000 - 0x0000000059259000 	C:\Program Files\Java\jdk1.8.0_131\jre\bin\java.dll
0x0000000059210000 - 0x0000000059226000 	C:\Program Files\Java\jdk1.8.0_131\jre\bin\zip.dll
0x00007ffe1db40000 - 0x00007ffe1ef77000 	C:\Windows\System32\SHELL32.dll
0x00007ffe1f970000 - 0x00007ffe1fa1a000 	C:\Windows\System32\shcore.dll
0x00007ffe1c760000 - 0x00007ffe1ce52000 	C:\Windows\System32\windows.storage.dll
0x00007ffe1f330000 - 0x00007ffe1f381000 	C:\Windows\System32\shlwapi.dll
0x00007ffe1c640000 - 0x00007ffe1c651000 	C:\Windows\System32\kernel.appcore.dll
0x00007ffe1c680000 - 0x00007ffe1c6cc000 	C:\Windows\System32\powrprof.dll
0x00007ffe1c6d0000 - 0x00007ffe1c6e5000 	C:\Windows\System32\profapi.dll
0x0000000058f50000 - 0x00000000590e8000 	C:\Program Files\Java\jdk1.8.0_131\jre\bin\awt.dll
0x00007ffe1f7a0000 - 0x00007ffe1f860000 	C:\Windows\System32\OLEAUT32.dll
0x00007ffe1adc0000 - 0x00007ffe1ae3e000 	C:\Windows\SYSTEM32\apphelp.dll
0x00007ffe1b110000 - 0x00007ffe1b1a5000 	C:\Windows\system32\uxtheme.dll
0x00007ffe1f3b0000 - 0x00007ffe1f516000 	C:\Windows\System32\MSCTF.dll
0x00007ffe1a910000 - 0x00007ffe1a93a000 	C:\Windows\system32\dwmapi.dll
0x00007ffe1f020000 - 0x00007ffe1f165000 	C:\Windows\System32\ole32.dll
0x0000000058f00000 - 0x0000000058f47000 	C:\Program Files\Java\jdk1.8.0_131\jre\bin\fontmanager.dll
0x00007ffdfc2b0000 - 0x00007ffdfc3d1000 	C:\Windows\system32\opengl32.dll
0x00007ffdfc240000 - 0x00007ffdfc26c000 	C:\Windows\SYSTEM32\GLU32.dll
0x00007ffe1f170000 - 0x00007ffe1f20e000 	C:\Windows\System32\clbcatq.dll
0x00007ffe15840000 - 0x00007ffe159ec000 	C:\Windows\SYSTEM32\WindowsCodecs.dll
0x00007ffe14cb0000 - 0x00007ffe14cf7000 	C:\Windows\system32\dataexchange.dll
0x00007ffe19b90000 - 0x00007ffe19e6f000 	C:\Windows\system32\d3d11.dll
0x00007ffe1a550000 - 0x00007ffe1a672000 	C:\Windows\system32\dcomp.dll
0x00007ffe1b4b0000 - 0x00007ffe1b554000 	C:\Windows\system32\dxgi.dll
0x00007ffe1aec0000 - 0x00007ffe1b030000 	C:\Windows\system32\twinapi.appcore.dll
0x00007ffe1c200000 - 0x00007ffe1c225000 	C:\Windows\system32\bcrypt.dll
0x00000000591f0000 - 0x000000005920a000 	C:\Program Files\Java\jdk1.8.0_131\jre\bin\net.dll
0x00007ffe1bf50000 - 0x00007ffe1bfac000 	C:\Windows\system32\mswsock.dll
0x00000000591d0000 - 0x00000000591e1000 	C:\Program Files\Java\jdk1.8.0_131\jre\bin\nio.dll
0x0000000058eb0000 - 0x0000000058ef2000 	C:\Program Files\Java\jdk1.8.0_131\jre\bin\t2k.dll
0x00007ffe16290000 - 0x00007ffe16312000 	C:\Windows\System32\TextInputFramework.dll
0x00007ffe15dc0000 - 0x00007ffe16092000 	C:\Windows\System32\CoreUIComponents.dll
0x00007ffe19e70000 - 0x00007ffe19f53000 	C:\Windows\System32\CoreMessaging.dll
0x00007ffe1b9a0000 - 0x00007ffe1b9d1000 	C:\Windows\SYSTEM32\ntmarta.dll
0x00007ffe19240000 - 0x00007ffe19379000 	C:\Windows\SYSTEM32\wintypes.dll
0x00007ffe17bc0000 - 0x00007ffe17bd5000 	C:\Windows\SYSTEM32\usermgrcli.dll
0x0000000058e70000 - 0x0000000058e9a000 	C:\Program Files\Java\jdk1.8.0_131\jre\bin\dcpr.dll
0x0000000058970000 - 0x000000005897c000 	C:\Program Files\Java\jdk1.8.0_131\jre\bin\jsound.dll
0x0000000058960000 - 0x000000005896b000 	C:\Program Files\Java\jdk1.8.0_131\jre\bin\jsoundds.dll
0x00007ffdfb040000 - 0x00007ffdfb0cc000 	C:\Windows\SYSTEM32\DSOUND.dll
0x00007ffe17520000 - 0x00007ffe17587000 	C:\Windows\SYSTEM32\MMDevAPI.DLL
0x00007ffe1b1b0000 - 0x00007ffe1b1d8000 	C:\Windows\SYSTEM32\DEVOBJ.dll
0x00007ffe1a940000 - 0x00007ffe1aad6000 	C:\Windows\SYSTEM32\PROPSYS.dll
0x00007ffdfb680000 - 0x00007ffdfb6c1000 	C:\Windows\SYSTEM32\wdmaud.drv
0x00007ffe03b70000 - 0x00007ffe03b79000 	C:\Windows\SYSTEM32\ksuser.dll
0x00007ffe18e40000 - 0x00007ffe18e4b000 	C:\Windows\SYSTEM32\AVRT.dll
0x00007ffe154b0000 - 0x00007ffe155b5000 	C:\Windows\SYSTEM32\AUDIOSES.DLL
0x00007ffdfb670000 - 0x00007ffdfb67d000 	C:\Windows\SYSTEM32\msacm32.drv
0x00007ffdfb650000 - 0x00007ffdfb66c000 	C:\Windows\SYSTEM32\MSACM32.dll
0x00007ffdfb640000 - 0x00007ffdfb64a000 	C:\Windows\SYSTEM32\midimap.dll
0x00007ffe16360000 - 0x00007ffe16466000 	C:\Windows\System32\Windows.UI.dll
0x00007ffe17310000 - 0x00007ffe174b9000 	C:\Windows\SYSTEM32\dbghelp.dll

VM Arguments:
jvm_args: -Dfile.encoding=UTF-8 
java_command: view.Ahorcado
java_class_path (initial): C:\Program Files\NetBeans 8.2\java\modules\ext\AbsoluteLayout.jar;C:\Users\Alondra\Documents\NetBeansProjects\Ahorcado\build\classes
Launcher Type: SUN_STANDARD

Environment Variables:
PATH=C:\Windows\system32;C:\Windows;C:\Windows\System32\Wbem;C:\Windows\System32\WindowsPowerShell\v1.0\;C:\Program Files (x86)\Microsoft SQL Server\100\Tools\Binn\;C:\Program Files\Microsoft SQL Server\100\Tools\Binn\;C:\Program Files\Microsoft SQL Server\100\DTS\Binn\;C:\Program Files (x86)\Microsoft SQL Server\100\Tools\Binn\VSShell\Common7\IDE\;C:\Program Files (x86)\Microsoft SQL Server\100\DTS\Binn\;C:\Program Files (x86)\Microsoft Visual Studio 9.0\Common7\IDE\PrivateAssemblies\;C:\Users\Alondra\AppData\Local\Microsoft\WindowsApps;
USERNAME=Alondra
OS=Windows_NT
PROCESSOR_IDENTIFIER=Intel64 Family 6 Model 55 Stepping 8, GenuineIntel



---------------  S Y S T E M  ---------------

OS: Windows 10.0 , 64 bit Build 15063 (10.0.15063.296)

CPU:total 2 (initial active 2) (2 cores per cpu, 1 threads per core) family 6 model 55 stepping 8, cmov, cx8, fxsr, mmx, sse, sse2, sse3, ssse3, sse4.1, sse4.2, popcnt, clmul, erms, 3dnowpref, tsc, tscinvbit

Memory: 4k page, physical 4086128k(892260k free), swap 7251088k(1819732k free)

vm_info: Java HotSpot(TM) 64-Bit Server VM (25.131-b11) for windows-amd64 JRE (1.8.0_131-b11), built on Mar 15 2017 01:23:53 by "java_re" with MS VC++ 10.0 (VS2010)

time: Wed Jun 14 13:52:58 2017
elapsed time: 10 seconds (0d 0h 0m 10s)

