#
# A fatal error has been detected by the Java Runtime Environment:
#
#  EXCEPTION_ACCESS_VIOLATION (0xc0000005) at pc=0x00000000597f6280, pid=9984, tid=0x0000000000001cc8
#
# JRE version: Java(TM) SE Runtime Environment (8.0_131-b11) (build 1.8.0_131-b11)
# Java VM: Java HotSpot(TM) 64-Bit Server VM (25.131-b11 mixed mode windows-amd64 compressed oops)
# Problematic frame:
# V  [jvm.dll+0x466280]
#
# Failed to write core dump. Minidumps are not enabled by default on client versions of Windows
#
# If you would like to submit a bug report, please visit:
#   http://bugreport.java.com/bugreport/crash.jsp
#

---------------  T H R E A D  ---------------

Current thread (0x000000001498a000):  JavaThread "C2 CompilerThread0" daemon [_thread_in_native, id=7368, stack(0x00000000159e0000,0x0000000015ae0000)]

siginfo: ExceptionCode=0xc0000005, reading address 0x0000000000000028

Registers:
RAX=0x0000000016e6d570, RBX=0x0000000000000002, RCX=0x0000000000000000, RDX=0x0000000000000000
RSP=0x0000000015adbe30, RBP=0xffffffffffffffff, RSI=0x0000000015fc9d08, RDI=0x0000000016db0090
R8 =0x00000000ffffffff, R9 =0x0000000000000000, R10=0x000000000000005c, R11=0x0000000000000041
R12=0x0000000015adc240, R13=0x00000000149a11f8, R14=0x0000000000000008, R15=0x0000000000000001
RIP=0x00000000597f6280, EFLAGS=0x0000000000010202

Top of Stack: (sp=0x0000000015adbe30)
0x0000000015adbe30:   0000000016035b40 0000000016da46d0
0x0000000015adbe40:   00000000000003e7 ffffffffffffffff
0x0000000015adbe50:   0000000200000037 0000000016db0090
0x0000000015adbe60:   0000000000000030 0000000000000037
0x0000000015adbe70:   0000000000000000 0000000000000000
0x0000000015adbe80:   0000000015adbf50 00000000000003d8
0x0000000015adbe90:   0000000016cd0908 0000000016cd0530
0x0000000015adbea0:   0000000015adbfd0 0000000000000000
0x0000000015adbeb0:   0000000015adc240 0000000016cd0520
0x0000000015adbec0:   0000000015adc350 00000000597f8f54
0x0000000015adbed0:   0000000015adc240 0000000015adbf00
0x0000000015adbee0:   00000000ffffffff 0000000000000006
0x0000000015adbef0:   0000000000000002 0000000016cd0520
0x0000000015adbf00:   0000000016032170 0000000016036240
0x0000000015adbf10:   000000001603a158 0000000000010388
0x0000000015adbf20:   0000000000000002 0000000016cd14e0 

Instructions: (pc=0x00000000597f6280)
0x00000000597f6260:   0f 83 0c 02 00 00 49 c1 e6 03 66 0f 1f 44 00 00
0x00000000597f6270:   48 8b 46 08 49 8b 0c 06 49 8b 84 24 28 01 00 00
0x00000000597f6280:   48 63 51 28 8b 1c 90 85 db 0f 84 c0 01 00 00 45
0x00000000597f6290:   84 c9 74 11 45 3b c7 75 0c 48 8b 06 48 8b ce ff 


Register to memory mapping:

RAX=0x0000000016e6d570 is an unknown value
RBX=0x0000000000000002 is an unknown value
RCX=0x0000000000000000 is an unknown value
RDX=0x0000000000000000 is an unknown value
RSP=0x0000000015adbe30 is pointing into the stack for thread: 0x000000001498a000
RBP=0xffffffffffffffff is an unknown value
RSI=0x0000000015fc9d08 is an unknown value
RDI=0x0000000016db0090 is an unknown value
R8 =0x00000000ffffffff is an unallocated location in the heap
R9 =0x0000000000000000 is an unknown value
R10=0x000000000000005c is an unknown value
R11=0x0000000000000041 is an unknown value
R12=0x0000000015adc240 is pointing into the stack for thread: 0x000000001498a000
R13=0x00000000149a11f8 is an unknown value
R14=0x0000000000000008 is an unknown value
R15=0x0000000000000001 is an unknown value


Stack: [0x00000000159e0000,0x0000000015ae0000],  sp=0x0000000015adbe30,  free space=1007k
Native frames: (J=compiled Java code, j=interpreted, Vv=VM code, C=native code)
V  [jvm.dll+0x466280]
V  [jvm.dll+0x468f54]
V  [jvm.dll+0x47465b]
V  [jvm.dll+0x476f67]
V  [jvm.dll+0x4599f2]
V  [jvm.dll+0xa5de2]
V  [jvm.dll+0xa671f]
V  [jvm.dll+0x24537f]
V  [jvm.dll+0x29cc1a]
C  [msvcr100.dll+0x21d9f]
C  [msvcr100.dll+0x21e3b]
C  [KERNEL32.DLL+0x12774]
C  [ntdll.dll+0x70d61]


Current CompileTask:
C2:  18534  894       4       view.Ahorcado::txtAdivinarKeyTyped (224 bytes)


---------------  P R O C E S S  ---------------

Java Threads: ( => current thread )
  0x0000000016d86000 JavaThread "Java Sound Event Dispatcher" daemon [_thread_blocked, id=8916, stack(0x0000000018ff0000,0x00000000190f0000)]
  0x0000000014a20800 JavaThread "Thread-2" [_thread_blocked, id=6140, stack(0x0000000018b00000,0x0000000018c00000)]
  0x0000000014a1f800 JavaThread "TimerQueue" daemon [_thread_blocked, id=5244, stack(0x0000000018a00000,0x0000000018b00000)]
  0x00000000024f0800 JavaThread "DestroyJavaVM" [_thread_blocked, id=4088, stack(0x0000000002320000,0x0000000002420000)]
  0x0000000016126800 JavaThread "AWT-EventQueue-0" [_thread_in_Java, id=1100, stack(0x0000000016bc0000,0x0000000016cc0000)]
  0x000000001610f800 JavaThread "AWT-Windows" daemon [_thread_in_native, id=12532, stack(0x0000000016530000,0x0000000016630000)]
  0x000000001610b800 JavaThread "AWT-Shutdown" [_thread_blocked, id=7428, stack(0x0000000016430000,0x0000000016530000)]
  0x00000000160b2000 JavaThread "Java2D Disposer" daemon [_thread_blocked, id=7372, stack(0x0000000016330000,0x0000000016430000)]
  0x00000000149e5000 JavaThread "Service Thread" daemon [_thread_blocked, id=6220, stack(0x0000000015be0000,0x0000000015ce0000)]
  0x000000001498d000 JavaThread "C1 CompilerThread1" daemon [_thread_blocked, id=11500, stack(0x0000000015ae0000,0x0000000015be0000)]
=>0x000000001498a000 JavaThread "C2 CompilerThread0" daemon [_thread_in_native, id=7368, stack(0x00000000159e0000,0x0000000015ae0000)]
  0x0000000014988800 JavaThread "Attach Listener" daemon [_thread_blocked, id=12560, stack(0x00000000158e0000,0x00000000159e0000)]
  0x0000000014985800 JavaThread "Signal Dispatcher" daemon [_thread_blocked, id=12024, stack(0x00000000157e0000,0x00000000158e0000)]
  0x0000000014978800 JavaThread "Finalizer" daemon [_thread_blocked, id=3804, stack(0x00000000155d0000,0x00000000156d0000)]
  0x00000000025dc800 JavaThread "Reference Handler" daemon [_thread_blocked, id=6616, stack(0x00000000154d0000,0x00000000155d0000)]

Other Threads:
  0x0000000014956000 VMThread [stack: 0x00000000153d0000,0x00000000154d0000] [id=1172]
  0x00000000149ea000 WatcherThread [stack: 0x0000000015ce0000,0x0000000015de0000] [id=464]

VM state:not at safepoint (normal execution)

VM Mutex/Monitor currently owned by a thread: None

Heap:
 PSYoungGen      total 18944K, used 13180K [0x00000000eb380000, 0x00000000ec880000, 0x0000000100000000)
  eden space 16384K, 80% used [0x00000000eb380000,0x00000000ec05f260,0x00000000ec380000)
  from space 2560K, 0% used [0x00000000ec600000,0x00000000ec600000,0x00000000ec880000)
  to   space 2560K, 0% used [0x00000000ec380000,0x00000000ec380000,0x00000000ec600000)
 ParOldGen       total 44032K, used 0K [0x00000000c1a00000, 0x00000000c4500000, 0x00000000eb380000)
  object space 44032K, 0% used [0x00000000c1a00000,0x00000000c1a00000,0x00000000c4500000)
 Metaspace       used 13491K, capacity 13658K, committed 13952K, reserved 1060864K
  class space    used 1731K, capacity 1803K, committed 1920K, reserved 1048576K

Card table byte_map: [0x00000000119b0000,0x0000000011bb0000] byte_map_base: 0x00000000113a3000

Marking Bits: (ParMarkBitMap*) 0x0000000059bac720
 Begin Bits: [0x0000000011f00000, 0x0000000012e98000)
 End Bits:   [0x0000000012e98000, 0x0000000013e30000)

Polling page: 0x0000000002420000

CodeCache: size=245760Kb used=3126Kb max_used=3137Kb free=242633Kb
 bounds [0x00000000025f0000, 0x0000000002910000, 0x00000000115f0000]
 total_blobs=1406 nmethods=893 adapters=427
 compilation: enabled

Compilation events (10 events):
Event: 18.223 Thread 0x000000001498d000 nmethod 889 0x00000000028f5dd0 code [0x00000000028f60c0, 0x00000000028f7e88]
Event: 18.467 Thread 0x000000001498d000  890       1       sun.awt.AWTAutoShutdown::getInstance (4 bytes)
Event: 18.467 Thread 0x000000001498d000 nmethod 890 0x00000000028f80d0 code [0x00000000028f8220, 0x00000000028f8310]
Event: 18.468 Thread 0x000000001498d000  891       3       java.awt.Component::getInputContext (16 bytes)
Event: 18.468 Thread 0x000000001498d000 nmethod 891 0x00000000028f8350 code [0x00000000028f84c0, 0x00000000028f8728]
Event: 18.472 Thread 0x000000001498d000  892 %     3       view.Ahorcado::txtAdivinarKeyTyped @ 72 (224 bytes)
Event: 18.478 Thread 0x000000001498d000 nmethod 892% 0x00000000028f87d0 code [0x00000000028f8d20, 0x00000000028fc5b8]
Event: 18.478 Thread 0x000000001498a000  893 %     4       view.Ahorcado::txtAdivinarKeyTyped @ 72 (224 bytes)
Event: 18.480 Thread 0x000000001498a000 nmethod 893% 0x0000000002901710 code [0x0000000002901860, 0x0000000002901938]
Event: 18.481 Thread 0x000000001498a000  894       4       view.Ahorcado::txtAdivinarKeyTyped (224 bytes)

GC Heap History (0 events):
No events

Deoptimization events (4 events):
Event: 1.544 Thread 0x00000000024f0800 Uncommon trap: reason=null_check action=make_not_entrant pc=0x000000000277fadc method=java.lang.String.equals(Ljava/lang/Object;)Z @ 8
Event: 2.644 Thread 0x0000000016d7e000 Uncommon trap: reason=unstable_if action=reinterpret pc=0x000000000280b9b0 method=java.lang.String.<init>([CII)V @ 18
Event: 2.707 Thread 0x000000001610f800 Uncommon trap: reason=unstable_if action=reinterpret pc=0x0000000002817d38 method=java.util.HashMap.putVal(ILjava/lang/Object;Ljava/lang/Object;ZZ)Ljava/lang/Object; @ 206
Event: 17.192 Thread 0x0000000016126800 Uncommon trap: reason=class_check action=maybe_recompile pc=0x00000000027954e4 method=java.lang.String.equals(Ljava/lang/Object;)Z @ 8

Internal exceptions (10 events):
Event: 2.228 Thread 0x00000000024f0800 Exception <a 'java/lang/ClassNotFoundException': ToolBar> (0x00000000eb6e02c0) thrown at [C:\re\workspace\8-2-build-windows-amd64-cygwin\jdk8u131\8869\hotspot\src\share\vm\classfile\systemDictionary.cpp, line 210]
Event: 2.228 Thread 0x00000000024f0800 Exception <a 'java/lang/ClassNotFoundException': ToggleButton> (0x00000000eb6e0870) thrown at [C:\re\workspace\8-2-build-windows-amd64-cygwin\jdk8u131\8869\hotspot\src\share\vm\classfile\systemDictionary.cpp, line 210]
Event: 2.228 Thread 0x00000000024f0800 Exception <a 'java/lang/ClassNotFoundException': javax/swing/JToolBarSeparator> (0x00000000eb6e0cd0) thrown at [C:\re\workspace\8-2-build-windows-amd64-cygwin\jdk8u131\8869\hotspot\src\share\vm\classfile\systemDictionary.cpp, line 210]
Event: 2.228 Thread 0x00000000024f0800 Exception <a 'java/lang/ClassNotFoundException': ToolBarSeparator> (0x00000000eb6e1168) thrown at [C:\re\workspace\8-2-build-windows-amd64-cygwin\jdk8u131\8869\hotspot\src\share\vm\classfile\systemDictionary.cpp, line 210]
Event: 2.229 Thread 0x00000000024f0800 Exception <a 'java/lang/ClassNotFoundException': ToolTip> (0x00000000eb6e18a8) thrown at [C:\re\workspace\8-2-build-windows-amd64-cygwin\jdk8u131\8869\hotspot\src\share\vm\classfile\systemDictionary.cpp, line 210]
Event: 2.232 Thread 0x00000000024f0800 Exception <a 'java/lang/ClassNotFoundException': Tree> (0x00000000eb6e24c8) thrown at [C:\re\workspace\8-2-build-windows-amd64-cygwin\jdk8u131\8869\hotspot\src\share\vm\classfile\systemDictionary.cpp, line 210]
Event: 2.232 Thread 0x00000000024f0800 Exception <a 'java/lang/ClassNotFoundException': Tree> (0x00000000eb6e2c08) thrown at [C:\re\workspace\8-2-build-windows-amd64-cygwin\jdk8u131\8869\hotspot\src\share\vm\classfile\systemDictionary.cpp, line 210]
Event: 2.232 Thread 0x00000000024f0800 Exception <a 'java/lang/ClassNotFoundException': javax/swing/JTreeCell> (0x00000000eb6e2f88) thrown at [C:\re\workspace\8-2-build-windows-amd64-cygwin\jdk8u131\8869\hotspot\src\share\vm\classfile\systemDictionary.cpp, line 210]
Event: 2.232 Thread 0x00000000024f0800 Exception <a 'java/lang/ClassNotFoundException': TreeCell> (0x00000000eb6e3410) thrown at [C:\re\workspace\8-2-build-windows-amd64-cygwin\jdk8u131\8869\hotspot\src\share\vm\classfile\systemDictionary.cpp, line 210]
Event: 2.234 Thread 0x00000000024f0800 Exception <a 'java/lang/ClassNotFoundException': RootPane> (0x00000000eb6e3e70) thrown at [C:\re\workspace\8-2-build-windows-amd64-cygwin\jdk8u131\8869\hotspot\src\share\vm\classfile\systemDictionary.cpp, line 210]

Events (10 events):
Event: 18.469 loading class javax/swing/KeyboardManager
Event: 18.469 loading class javax/swing/KeyboardManager done
Event: 18.469 loading class javax/swing/Popup$HeavyWeightWindow
Event: 18.469 loading class sun/awt/ModalExclude
Event: 18.470 loading class sun/awt/ModalExclude done
Event: 18.470 loading class javax/swing/JWindow
Event: 18.470 loading class javax/swing/JWindow done
Event: 18.470 loading class javax/swing/Popup$HeavyWeightWindow done
Event: 18.481 Thread 0x0000000016126800 DEOPT PACKING pc=0x00000000028fbf57 sp=0x0000000016cbccd0
Event: 18.481 Thread 0x0000000016126800 DEOPT UNPACKING pc=0x000000000263747f sp=0x0000000016cbcba8 mode 0


Dynamic libraries:
0x00007ff7f8bb0000 - 0x00007ff7f8be7000 	C:\Program Files\Java\jdk1.8.0_131\bin\java.exe
0x00007ffe201d0000 - 0x00007ffe203ab000 	C:\Windows\SYSTEM32\ntdll.dll
0x00007ffdfba90000 - 0x00007ffdfbac3000 	C:\Program Files\AVAST Software\Avast\x64\aswhooka.dll
0x00007ffe1d790000 - 0x00007ffe1d83e000 	C:\Windows\System32\KERNEL32.DLL
0x00007ffe1cfb0000 - 0x00007ffe1d1f9000 	C:\Windows\System32\KERNELBASE.dll
0x00007ffe1f6b0000 - 0x00007ffe1f751000 	C:\Windows\System32\ADVAPI32.dll
0x00007ffe1ef80000 - 0x00007ffe1f01d000 	C:\Windows\System32\msvcrt.dll
0x00007ffe1f650000 - 0x00007ffe1f6a9000 	C:\Windows\System32\sechost.dll
0x00007ffe1f520000 - 0x00007ffe1f645000 	C:\Windows\System32\RPCRT4.dll
0x00007ffe1fa20000 - 0x00007ffe1fb6a000 	C:\Windows\System32\USER32.dll
0x00007ffe1d490000 - 0x00007ffe1d4ae000 	C:\Windows\System32\win32u.dll
0x00007ffe1f760000 - 0x00007ffe1f787000 	C:\Windows\System32\GDI32.dll
0x00007ffe1d200000 - 0x00007ffe1d389000 	C:\Windows\System32\gdi32full.dll
0x00007ffe1cf10000 - 0x00007ffe1cfaa000 	C:\Windows\System32\msvcp_win.dll
0x00007ffe1d390000 - 0x00007ffe1d486000 	C:\Windows\System32\ucrtbase.dll
0x00007ffe0f670000 - 0x00007ffe0f8d7000 	C:\Windows\WinSxS\amd64_microsoft.windows.common-controls_6595b64144ccf1df_6.0.15063.0_none_108e4f62dfe5d999\COMCTL32.dll
0x00007ffe1d840000 - 0x00007ffe1db39000 	C:\Windows\System32\combase.dll
0x00007ffe1c6f0000 - 0x00007ffe1c75a000 	C:\Windows\System32\bcryptPrimitives.dll
0x00007ffe1f210000 - 0x00007ffe1f23d000 	C:\Windows\System32\IMM32.DLL
0x00000000592b0000 - 0x0000000059382000 	C:\Program Files\Java\jdk1.8.0_131\jre\bin\msvcr100.dll
0x0000000059390000 - 0x0000000059c2c000 	C:\Program Files\Java\jdk1.8.0_131\jre\bin\server\jvm.dll
0x00007ffe1f790000 - 0x00007ffe1f798000 	C:\Windows\System32\PSAPI.DLL
0x00007ffe11310000 - 0x00007ffe11319000 	C:\Windows\SYSTEM32\WSOCK32.dll
0x00007ffe1f240000 - 0x00007ffe1f2ac000 	C:\Windows\System32\WS2_32.dll
0x00007ffe1aba0000 - 0x00007ffe1abc3000 	C:\Windows\SYSTEM32\WINMM.dll
0x00007ffe11150000 - 0x00007ffe1115a000 	C:\Windows\SYSTEM32\VERSION.dll
0x00007ffe1ab70000 - 0x00007ffe1ab9b000 	C:\Windows\SYSTEM32\WINMMBASE.dll
0x00007ffe1d4b0000 - 0x00007ffe1d4f9000 	C:\Windows\System32\cfgmgr32.dll
0x0000000059260000 - 0x000000005926f000 	C:\Program Files\Java\jdk1.8.0_131\jre\bin\verify.dll
0x0000000059230000 - 0x0000000059259000 	C:\Program Files\Java\jdk1.8.0_131\jre\bin\java.dll
0x0000000059210000 - 0x0000000059226000 	C:\Program Files\Java\jdk1.8.0_131\jre\bin\zip.dll
0x00007ffe1db40000 - 0x00007ffe1ef77000 	C:\Windows\System32\SHELL32.dll
0x00007ffe1f970000 - 0x00007ffe1fa1a000 	C:\Windows\System32\shcore.dll
0x00007ffe1c760000 - 0x00007ffe1ce52000 	C:\Windows\System32\windows.storage.dll
0x00007ffe1f330000 - 0x00007ffe1f381000 	C:\Windows\System32\shlwapi.dll
0x00007ffe1c640000 - 0x00007ffe1c651000 	C:\Windows\System32\kernel.appcore.dll
0x00007ffe1c680000 - 0x00007ffe1c6cc000 	C:\Windows\System32\powrprof.dll
0x00007ffe1c6d0000 - 0x00007ffe1c6e5000 	C:\Windows\System32\profapi.dll
0x0000000058f50000 - 0x00000000590e8000 	C:\Program Files\Java\jdk1.8.0_131\jre\bin\awt.dll
0x00007ffe1f7a0000 - 0x00007ffe1f860000 	C:\Windows\System32\OLEAUT32.dll
0x00007ffe1adc0000 - 0x00007ffe1ae3e000 	C:\Windows\SYSTEM32\apphelp.dll
0x00007ffe1b110000 - 0x00007ffe1b1a5000 	C:\Windows\system32\uxtheme.dll
0x00007ffe1f3b0000 - 0x00007ffe1f516000 	C:\Windows\System32\MSCTF.dll
0x00007ffe1a910000 - 0x00007ffe1a93a000 	C:\Windows\system32\dwmapi.dll
0x00007ffe1f020000 - 0x00007ffe1f165000 	C:\Windows\System32\ole32.dll
0x0000000058f00000 - 0x0000000058f47000 	C:\Program Files\Java\jdk1.8.0_131\jre\bin\fontmanager.dll
0x00007ffdfc2b0000 - 0x00007ffdfc3d1000 	C:\Windows\system32\opengl32.dll
0x00007ffdfc240000 - 0x00007ffdfc26c000 	C:\Windows\SYSTEM32\GLU32.dll
0x00007ffe1f170000 - 0x00007ffe1f20e000 	C:\Windows\System32\clbcatq.dll
0x00007ffe15840000 - 0x00007ffe159ec000 	C:\Windows\SYSTEM32\WindowsCodecs.dll
0x00007ffe14cb0000 - 0x00007ffe14cf7000 	C:\Windows\system32\dataexchange.dll
0x00007ffe19b90000 - 0x00007ffe19e6f000 	C:\Windows\system32\d3d11.dll
0x00007ffe1a550000 - 0x00007ffe1a672000 	C:\Windows\system32\dcomp.dll
0x00007ffe1b4b0000 - 0x00007ffe1b554000 	C:\Windows\system32\dxgi.dll
0x00007ffe1aec0000 - 0x00007ffe1b030000 	C:\Windows\system32\twinapi.appcore.dll
0x00007ffe1c200000 - 0x00007ffe1c225000 	C:\Windows\system32\bcrypt.dll
0x00000000591f0000 - 0x000000005920a000 	C:\Program Files\Java\jdk1.8.0_131\jre\bin\net.dll
0x00007ffe1bf50000 - 0x00007ffe1bfac000 	C:\Windows\system32\mswsock.dll
0x00000000591d0000 - 0x00000000591e1000 	C:\Program Files\Java\jdk1.8.0_131\jre\bin\nio.dll
0x0000000058eb0000 - 0x0000000058ef2000 	C:\Program Files\Java\jdk1.8.0_131\jre\bin\t2k.dll
0x0000000058e70000 - 0x0000000058e9a000 	C:\Program Files\Java\jdk1.8.0_131\jre\bin\dcpr.dll
0x00007ffe16290000 - 0x00007ffe16312000 	C:\Windows\System32\TextInputFramework.dll
0x00007ffe15dc0000 - 0x00007ffe16092000 	C:\Windows\System32\CoreUIComponents.dll
0x00007ffe19e70000 - 0x00007ffe19f53000 	C:\Windows\System32\CoreMessaging.dll
0x00007ffe1b9a0000 - 0x00007ffe1b9d1000 	C:\Windows\SYSTEM32\ntmarta.dll
0x00007ffe19240000 - 0x00007ffe19379000 	C:\Windows\SYSTEM32\wintypes.dll
0x00007ffe17bc0000 - 0x00007ffe17bd5000 	C:\Windows\SYSTEM32\usermgrcli.dll
0x0000000058970000 - 0x000000005897c000 	C:\Program Files\Java\jdk1.8.0_131\jre\bin\jsound.dll
0x0000000058960000 - 0x000000005896b000 	C:\Program Files\Java\jdk1.8.0_131\jre\bin\jsoundds.dll
0x00007ffdfb040000 - 0x00007ffdfb0cc000 	C:\Windows\SYSTEM32\DSOUND.dll
0x00007ffe17520000 - 0x00007ffe17587000 	C:\Windows\SYSTEM32\MMDevAPI.DLL
0x00007ffe1b1b0000 - 0x00007ffe1b1d8000 	C:\Windows\SYSTEM32\DEVOBJ.dll
0x00007ffe1a940000 - 0x00007ffe1aad6000 	C:\Windows\SYSTEM32\PROPSYS.dll
0x00007ffdfb680000 - 0x00007ffdfb6c1000 	C:\Windows\SYSTEM32\wdmaud.drv
0x00007ffe03b70000 - 0x00007ffe03b79000 	C:\Windows\SYSTEM32\ksuser.dll
0x00007ffe18e40000 - 0x00007ffe18e4b000 	C:\Windows\SYSTEM32\AVRT.dll
0x00007ffe154b0000 - 0x00007ffe155b5000 	C:\Windows\SYSTEM32\AUDIOSES.DLL
0x00007ffdfb670000 - 0x00007ffdfb67d000 	C:\Windows\SYSTEM32\msacm32.drv
0x00007ffdfb650000 - 0x00007ffdfb66c000 	C:\Windows\SYSTEM32\MSACM32.dll
0x00007ffdfb640000 - 0x00007ffdfb64a000 	C:\Windows\SYSTEM32\midimap.dll
0x00007ffe16360000 - 0x00007ffe16466000 	C:\Windows\System32\Windows.UI.dll
0x00007ffe17310000 - 0x00007ffe174b9000 	C:\Windows\SYSTEM32\dbghelp.dll

VM Arguments:
jvm_args: -Dfile.encoding=UTF-8 
java_command: view.Ahorcado
java_class_path (initial): C:\Program Files\NetBeans 8.2\java\modules\ext\AbsoluteLayout.jar;C:\Users\Alondra\Documents\NetBeansProjects\Ahorcado\build\classes
Launcher Type: SUN_STANDARD

Environment Variables:
PATH=C:\Windows\system32;C:\Windows;C:\Windows\System32\Wbem;C:\Windows\System32\WindowsPowerShell\v1.0\;C:\Program Files (x86)\Microsoft SQL Server\100\Tools\Binn\;C:\Program Files\Microsoft SQL Server\100\Tools\Binn\;C:\Program Files\Microsoft SQL Server\100\DTS\Binn\;C:\Program Files (x86)\Microsoft SQL Server\100\Tools\Binn\VSShell\Common7\IDE\;C:\Program Files (x86)\Microsoft SQL Server\100\DTS\Binn\;C:\Program Files (x86)\Microsoft Visual Studio 9.0\Common7\IDE\PrivateAssemblies\;C:\Users\Alondra\AppData\Local\Microsoft\WindowsApps;
USERNAME=Alondra
OS=Windows_NT
PROCESSOR_IDENTIFIER=Intel64 Family 6 Model 55 Stepping 8, GenuineIntel



---------------  S Y S T E M  ---------------

OS: Windows 10.0 , 64 bit Build 15063 (10.0.15063.296)

CPU:total 2 (initial active 2) (2 cores per cpu, 1 threads per core) family 6 model 55 stepping 8, cmov, cx8, fxsr, mmx, sse, sse2, sse3, ssse3, sse4.1, sse4.2, popcnt, clmul, erms, 3dnowpref, tsc, tscinvbit

Memory: 4k page, physical 4086128k(851752k free), swap 7251088k(1795248k free)

vm_info: Java HotSpot(TM) 64-Bit Server VM (25.131-b11) for windows-amd64 JRE (1.8.0_131-b11), built on Mar 15 2017 01:23:53 by "java_re" with MS VC++ 10.0 (VS2010)

time: Wed Jun 14 13:56:16 2017
elapsed time: 18 seconds (0d 0h 0m 18s)

